  stdafx.cpp
  Title.cpp
  Stage2_Loading.cpp
e:\local storage\invader\c++invader\c++invader\enemy2.h(5): warning C4005: 'BulletMax': 매크로 재정의
  e:\local storage\invader\c++invader\c++invader\enemy1.h(5): note: 'BulletMax'의 이전 정의를 참조하십시오.
  Stage2.cpp
  Stage1_Cear.cpp
  Stage1.cpp
  ScreenBuffer.cpp
  Player.cpp
  main.cpp
  Loading.cpp
  KeyProcess.cpp
  Enemy2.cpp
  Enemy1.cpp
  Ending.cpp
  CSceneManager.cpp
e:\local storage\invader\c++invader\c++invader\enemy2.h(5): warning C4005: 'BulletMax': 매크로 재정의
  e:\local storage\invader\c++invader\c++invader\enemy1.h(5): note: 'BulletMax'의 이전 정의를 참조하십시오.
  Console.cpp
  Clear.cpp
  CBaseObj.cpp
  Bullet_Wave.cpp
  Bullet_Arraw.cpp
  코드를 생성하고 있습니다...
  C++Invader.vcxproj -> E:\Local storage\Invader\C++Invader\x64\Debug\C++Invader.exe
  C++Invader.vcxproj -> E:\Local storage\Invader\C++Invader\x64\Debug\C++Invader.pdb (Full PDB)
